1712223095274:ll
1712262738657:L
1712262742124:--help
1712262744027:help
1712262752083:habit
1712262845846:help
1712262850431:habit habit
1712262868340:exit
1712262892710:help
1712262895337:habit habit
1712262896611:exit
1712263044990:habit habit
1712263050662:exi
1712263051946:exit
1712298257754:habit habit
1712298609601:habit ps
1712298614691:habit ps --page all
1712298617474:exit
1712299421366:habit ps
1712299443060:exit
1712304687684:habit ps
1712304700469:exit
1712304714282:habit ps
1712304720874:h ps
1712304722472:habit ps
1712304744843:h
1712304747652:h ps
1712304758322:habit ps
1712304783776:habit ps --page diet
1712304874386:habit ps --page d
1712305337657:habit ps
1712305358701:habit ps --page diet
1712305367806:habit ps --page sleep
1712305374709:exit
1712306059532:habit ps
1712306075573:habit ps --page d
1712306082831:habit ps --page diet
1712306089182:exit
1712307693006:habit ps
1712307783069:exit
1712307926028:habit ps
1712307933652:habit --all
1712307938665:habit ps --all
1712307952130:habit ps --page diet -a
1712308163796:habit ps --page diet
1712310942985:habit ps
1712310950888:habit ps --all
1712310964459:habit ps --page diet --all
1712310972604:habit ps --page diet
1712310976790:exit
1712311861630:habit ps
1712311865474:help
1712311947565:help habit
1712311952590:help habit ps
1712311976551:exit
1712312982137:habit ps
1712312998975:habit ps --page diet
1712313006931:habit ps --page diet -a
1712313010541:exit
1712318229704:habit ps
1712318457606:habit ps -a
1712318501915:habit ps
1712318504483:habit ps -a
1712318511097:exit
1712318700413:habit ps
1712318816110:habit ps -a
1712318846519:habit ps
1712318848972:habit ps -a
1712319098642:habit ps
1712319105898:habit --page sleep
1712319122015:habit ps --page sleep
1712319145085:eixt
1712319146217:exit
1712320483416:habit do
1712320489376:habit do toda
1712320493645:habit do today
1712320501079:habit do TODAY
1712320506001:habit do YESTERDAY
1712320846555:habit ps --page diet
1712320861012:habit do --page diet
1712320865611:habit ps --page diet
1712320888093:exit
1712321885677:habit ps
1712321891187:habit do --page d
1712321898009:habit do --page diet
1712321911126:exit
1712321960974:habit do --page di
1712321986410:habit do --page d
1712321990911:habit do --page diet
1712321995892:habit ps
1712321998500:habit ps -a
1712322005704:exit
